<?xml version="1.0" encoding="UTF-8"?>
<testsuite name="test.grader.TestTicket" tests="5" skipped="0" failures="0" errors="0" timestamp="2026-01-10T12:55:42.543Z" hostname="NINEPLAYX_V6" time="0.02">
  <properties/>
  <testcase name="testSetTypeLegal()" classname="test.grader.TestTicket" time="0.002"/>
  <testcase name="testSetTypeIllegal()" classname="test.grader.TestTicket" time="0.002"/>
  <testcase name="testSetStation()" classname="test.grader.TestTicket" time="0.002"/>
  <testcase name="testGetDescription()" classname="test.grader.TestTicket" time="0.004"/>
  <testcase name="testCalculatePrice()" classname="test.grader.TestTicket" time="0.002"/>
  <system-out><![CDATA[]]></system-out>
  <system-err><![CDATA[]]></system-err>
</testsuite>
