<?xml version="1.0" encoding="UTF-8"?>
<testsuite name="test.grader.TestStation" tests="3" skipped="0" failures="0" errors="0" timestamp="2026-01-10T12:55:42.526Z" hostname="NINEPLAYX_V6" time="0.011">
  <properties/>
  <testcase name="testSetNumber()" classname="test.grader.TestStation" time="0.002"/>
  <testcase name="testSetName()" classname="test.grader.TestStation" time="0.003"/>
  <testcase name="testConstructor()" classname="test.grader.TestStation" time="0.002"/>
  <system-out><![CDATA[]]></system-out>
  <system-err><![CDATA[]]></system-err>
</testsuite>
