<?xml version="1.0" encoding="UTF-8"?>
<testsuite name="test.student.ChannelTest" tests="6" skipped="0" failures="0" errors="0" timestamp="2026-01-30T18:32:16.299Z" hostname="NINEPLAYX_V6" time="0.006">
  <properties/>
  <testcase name="testAddMessage()" classname="test.student.ChannelTest" time="0.0"/>
  <testcase name="testConstructorEmptyName()" classname="test.student.ChannelTest" time="0.0"/>
  <testcase name="testSetNameEmpty()" classname="test.student.ChannelTest" time="0.0"/>
  <testcase name="testGetMessageCount()" classname="test.student.ChannelTest" time="0.0"/>
  <testcase name="testSetName()" classname="test.student.ChannelTest" time="0.001"/>
  <testcase name="testConstructor()" classname="test.student.ChannelTest" time="0.0"/>
  <system-out><![CDATA[]]></system-out>
  <system-err><![CDATA[]]></system-err>
</testsuite>
