<?xml version="1.0" encoding="UTF-8"?>
<testsuite name="test.grader.DatabaseTest" tests="9" skipped="0" failures="0" errors="0" timestamp="2026-01-10T15:29:51.533Z" hostname="NINEPLAYX_V6" time="0.034">
  <properties/>
  <testcase name="testConstructorDefault()" classname="test.grader.DatabaseTest" time="0.002"/>
  <testcase name="testGetPlayerList()" classname="test.grader.DatabaseTest" time="0.002"/>
  <testcase name="testAddQuest()" classname="test.grader.DatabaseTest" time="0.002"/>
  <testcase name="testGetRegionList()" classname="test.grader.DatabaseTest" time="0.002"/>
  <testcase name="testAddRegionRepeat()" classname="test.grader.DatabaseTest" time="0.001"/>
  <testcase name="testAddPlayer()" classname="test.grader.DatabaseTest" time="0.002"/>
  <testcase name="testAddRegion()" classname="test.grader.DatabaseTest" time="0.002"/>
  <testcase name="testConstructorDetailed()" classname="test.grader.DatabaseTest" time="0.002"/>
  <testcase name="testAddPlayerRepeat()" classname="test.grader.DatabaseTest" time="0.004"/>
  <system-out><![CDATA[]]></system-out>
  <system-err><![CDATA[]]></system-err>
</testsuite>
