<?xml version="1.0" encoding="UTF-8"?>
<testsuite name="test.grader.OrderTest" tests="6" skipped="0" failures="0" errors="0" timestamp="2026-01-10T12:24:36.964Z" hostname="NINEPLAYX_V6" time="0.018">
  <properties/>
  <testcase name="testAddItemNegativeAmount()" classname="test.grader.OrderTest" time="0.002"/>
  <testcase name="testAddItemNormal()" classname="test.grader.OrderTest" time="0.002"/>
  <testcase name="testCalculateOrderTotalPrice()" classname="test.grader.OrderTest" time="0.002"/>
  <testcase name="testAddItemExistedNegativeAmount()" classname="test.grader.OrderTest" time="0.001"/>
  <testcase name="testAddItemExisted()" classname="test.grader.OrderTest" time="0.001"/>
  <testcase name="testConstructor()" classname="test.grader.OrderTest" time="0.003"/>
  <system-out><![CDATA[]]></system-out>
  <system-err><![CDATA[]]></system-err>
</testsuite>
